<?xml version="1.0" encoding="UTF-8"?>
<!-- Generated by org.testng.reporters.JUnitReportReporter -->
<testsuite hostname="DESKTOP-NIB1RFJ" failures="0" tests="1" name="TestNGAssignments.Assignment1TestNGAnnotation" time="6.741" errors="0" timestamp="2024-08-10T00:33:35 IST" skipped="0">
  <testcase classname="TestNGAssignments.Assignment1TestNGAnnotation" name="login" time="6.741"/>
  <system-out/>
</testsuite> <!-- TestNGAssignments.Assignment1TestNGAnnotation -->
