<?xml version="1.0" encoding="UTF-8"?>
<!-- Generated by org.testng.reporters.JUnitReportReporter -->
<testsuite hostname="DESKTOP-NIB1RFJ" failures="0" tests="1" name="TestNGAssignments.Assignment1" time="6.272" errors="0" timestamp="2024-08-08T00:14:46 IST" skipped="0">
  <testcase classname="TestNGAssignments.Assignment1" name="login" time="6.272"/>
  <system-out/>
</testsuite> <!-- TestNGAssignments.Assignment1 -->
