<?xml version="1.0" encoding="UTF-8"?>
<!-- Generated by org.testng.reporters.JUnitReportReporter -->
<testsuite hostname="DESKTOP-NIB1RFJ" failures="0" tests="1" name="GroupsAssignments.Assignment3TestNGGroups" time="19.015" errors="0" timestamp="2024-08-11T01:18:37 IST" skipped="0">
  <testcase classname="GroupsAssignments.Assignment3TestNGGroups" name="openFormPage" time="19.015"/>
  <system-out/>
</testsuite> <!-- GroupsAssignments.Assignment3TestNGGroups -->
