<?xml version="1.0" encoding="UTF-8"?>
<!-- Generated by org.testng.reporters.JUnitReportReporter -->
<testsuite hostname="DESKTOP-NIB1RFJ" failures="0" tests="3" name="TestNGAssignments.Assignment2DataDrivenMethod" time="16.204" errors="0" timestamp="2024-08-09T00:50:37 IST" skipped="0">
  <testcase classname="TestNGAssignments.Assignment2DataDrivenMethod" name="login" time="5.542"/>
  <system-out/>
  <testcase classname="TestNGAssignments.Assignment2DataDrivenMethod" name="login" time="5.848"/>
  <system-out/>
  <testcase classname="TestNGAssignments.Assignment2DataDrivenMethod" name="login" time="4.814"/>
  <system-out/>
</testsuite> <!-- TestNGAssignments.Assignment2DataDrivenMethod -->
