<?xml version="1.0" encoding="UTF-8"?>
<!-- Generated by org.testng.reporters.JUnitReportReporter -->
<testsuite hostname="DESKTOP-NIB1RFJ" failures="0" tests="3" name="TestNGAssignments.Assignment2DataDrivenMethod" time="28.664" errors="0" timestamp="2024-08-10T19:35:04 IST" skipped="0">
  <testcase classname="TestNGAssignments.Assignment2DataDrivenMethod" name="login" time="7.580"/>
  <system-out/>
  <testcase classname="TestNGAssignments.Assignment2DataDrivenMethod" name="login" time="11.420"/>
  <system-out/>
  <testcase classname="TestNGAssignments.Assignment2DataDrivenMethod" name="login" time="9.664"/>
  <system-out/>
</testsuite> <!-- TestNGAssignments.Assignment2DataDrivenMethod -->
